Start testing: Mar 12 22:12 CET
----------------------------------------------------------
1/1 Testing: Test_Jitter
1/1 Test: Test_Jitter
Command: "/usr/bin/echo" "thesis" "|" "sudo" "-S" "./jitter-test"
Directory: /home/athadebesh/projects/motor-control/build
"Test_Jitter" start time: Mar 12 22:12 CET
Output:
----------------------------------------------------------
thesis | sudo -S ./jitter-test
<end of output>
Test time =   0.02 sec
----------------------------------------------------------
Test Passed.
"Test_Jitter" end time: Mar 12 22:12 CET
"Test_Jitter" time elapsed: 00:00:00
----------------------------------------------------------

End testing: Mar 12 22:12 CET
