<?xml version="1.0" encoding="UTF-8"?>
<Site BuildName="(empty)"
	BuildStamp="20250312-1935-Experimental"
	Name="(empty)"
	Generator="ctest-3.28.3"
	CompilerName=""
	CompilerVersion=""
	OSName="Linux"
	Hostname="athadebesh-VMware-Virtual-Platform"
	OSRelease="6.11.0-19-generic"
	OSVersion="#19~24.04.1-Ubuntu SMP PREEMPT_DYNAMIC Mon Feb 17 11:51:52 UTC 2"
	OSPlatform="x86_64"
	Is64Bits="1"
	VendorString="GenuineIntel"
	VendorID="Intel Corporation"
	FamilyID="6"
	ModelID="142"
	ProcessorCacheSize="8192"
	NumberOfLogicalCPU="4"
	NumberOfPhysicalCPU="4"
	TotalVirtualMemory="3865"
	TotalPhysicalMemory="7892"
	LogicalProcessorsPerPhysical="1"
	ProcessorClockFrequency="2112"
	>
	<Testing>
		<StartDateTime>Mar 12 22:12 CET</StartDateTime>
		<StartTestTime>1741813941</StartTestTime>
		<TestList>
			<Test>./Test_Jitter</Test>
		</TestList>
		<Test Status="passed">
			<Name>Test_Jitter</Name>
			<Path>.</Path>
			<FullName>./Test_Jitter</FullName>
			<FullCommandLine>/usr/bin/echo "thesis" "|" "sudo" "-S" "./jitter-test"</FullCommandLine>
			<Results>
				<NamedMeasurement type="numeric/double" name="Execution Time">
					<Value>0.0165688</Value>
				</NamedMeasurement>
				<NamedMeasurement type="numeric/double" name="Processors">
					<Value>1</Value>
				</NamedMeasurement>
				<NamedMeasurement type="text/string" name="Completion Status">
					<Value>Completed</Value>
				</NamedMeasurement>
				<NamedMeasurement type="text/string" name="Command Line">
					<Value>/usr/bin/echo "thesis" "|" "sudo" "-S" "./jitter-test"</Value>
				</NamedMeasurement>
				<NamedMeasurement type="text/string" name="Environment">
					<Value>#CTEST_RESOURCE_GROUP_COUNT=</Value>
				</NamedMeasurement>
				<Measurement>
					<Value>thesis | sudo -S ./jitter-test
</Value>
				</Measurement>
			</Results>
		</Test>
		<EndDateTime>Mar 12 22:12 CET</EndDateTime>
		<EndTestTime>1741813941</EndTestTime>
		<ElapsedMinutes>0</ElapsedMinutes>
	</Testing>
</Site>
